[17:37:29] [main/INFO] (FabricLoader/GameProvider) Loading Minecraft 1.19.3 with Fabric Loader 0.14.17
[17:37:29] [main/INFO] (FabricLoader) Loading 46 mods:
	- fabric-api 0.75.1+1.19.3
	- fabric-api-base 0.4.21+70be179c85
	- fabric-api-lookup-api-v1 1.6.20+49abcf7e85
	- fabric-biome-api-v1 12.1.1+b5d379b085
	- fabric-block-api-v1 1.0.5+e022e5d185
	- fabric-blockrenderlayer-v1 1.1.31+928d44d585
	- fabric-client-tags-api-v1 1.0.12+1134c5b885
	- fabric-command-api-v2 2.2.1+3fc4752e85
	- fabric-content-registries-v0 3.5.1+1d37d50285
	- fabric-convention-tags-v1 1.2.2+8e4e694f85
	- fabric-crash-report-info-v1 0.2.14+aeb40ebe85
	- fabric-data-generation-api-v1 11.3.1+40dc7a9485
	- fabric-dimensions-v1 2.1.42+00a2eb1085
	- fabric-entity-events-v1 1.5.7+b83334a085
	- fabric-events-interaction-v0 0.4.40+3baeb27a85
	- fabric-game-rule-api-v1 1.0.30+99f9db8085
	- fabric-gametest-api-v1 1.2.0+2ff127f585
	- fabric-item-api-v1 2.1.10+312c329485
	- fabric-item-group-api-v1 2.1.12+1134c5b885
	- fabric-key-binding-api-v1 1.0.31+bc01e09785
	- fabric-lifecycle-events-v1 2.2.10+23a79c8a85
	- fabric-loot-api-v2 1.1.20+75e9821185
	- fabric-message-api-v1 5.1.0+c85585f885
	- fabric-mining-level-api-v1 2.1.31+49abcf7e85
	- fabric-models-v0 0.3.27+11ba9c3b85
	- fabric-networking-api-v1 1.2.17+4017a8cb85
	- fabric-object-builder-api-v1 5.4.1+eb2a3ba985
	- fabric-particles-v1 1.0.20+f1e4495b85
	- fabric-recipe-api-v1 1.0.1+5176f73d85
	- fabric-registry-sync-v0 2.1.0+f7b4d36485
	- fabric-renderer-api-v1 2.2.2+3a95925a85
	- fabric-renderer-indigo 0.8.0+3a95925a85
	- fabric-rendering-data-attachment-v1 0.3.25+afca2f3e85
	- fabric-rendering-fluids-v1 3.0.18+f1e4495b85
	- fabric-rendering-v1 1.12.1+eb2a3ba985
	- fabric-resource-conditions-api-v1 2.3.0+e63306e085
	- fabric-resource-loader-v0 0.10.5+a91e48b785
	- fabric-screen-api-v1 1.0.41+f1e4495b85
	- fabric-screen-handler-api-v1 1.3.13+99f9db8085
	- fabric-sound-api-v1 1.0.8+75e9821185
	- fabric-transfer-api-v1 2.1.15+ccd377ba85
	- fabric-transitive-access-wideners-v1 2.3.1+40dc7a9485
	- fabricloader 0.14.17
	- java 17
	- minecraft 1.19.3
	- spaghettimod 1.0-SNAPSHOT
[17:37:30] [main/INFO] (FabricLoader/Mixin) SpongePowered MIXIN Subsystem Version=0.8.5 Source=file:/C:/Users/JavierLC/.gradle/caches/modules-2/files-2.1/net.fabricmc/sponge-mixin/0.12.4+mixin.0.8.5/e13b4069fe3555969811d4474f78576c707bbe1c/sponge-mixin-0.12.4+mixin.0.8.5.jar Service=Knot/Fabric Env=CLIENT
[17:37:30] [main/INFO] (FabricLoader/Mixin) Loaded Fabric development mappings for mixin remapper!
[17:37:30] [main/INFO] (FabricLoader/Mixin) Compatibility level set to JAVA_16
[17:37:30] [main/INFO] (FabricLoader/Mixin) Compatibility level set to JAVA_17
[17:37:38] [main/INFO] (Minecraft) Building optimized datafixer
[17:37:45] [Render thread/INFO] (Minecraft) Environment: authHost='https://authserver.mojang.com', accountsHost='https://api.mojang.com', sessionHost='https://sessionserver.mojang.com', servicesHost='https://api.minecraftservices.com', name='PROD'
[17:37:45] [Render thread/ERROR] (Minecraft) Failed to verify authentication
com.mojang.authlib.exceptions.InvalidCredentialsException: Status: 401
	at com.mojang.authlib.exceptions.MinecraftClientHttpException.toAuthenticationException(MinecraftClientHttpException.java:56) ~[authlib-3.16.29.jar:?]
	at com.mojang.authlib.yggdrasil.YggdrasilUserApiService.fetchProperties(YggdrasilUserApiService.java:156) ~[authlib-3.16.29.jar:?]
	at com.mojang.authlib.yggdrasil.YggdrasilUserApiService.<init>(YggdrasilUserApiService.java:55) ~[authlib-3.16.29.jar:?]
	at com.mojang.authlib.yggdrasil.YggdrasilAuthenticationService.createUserApiService(YggdrasilAuthenticationService.java:161) ~[authlib-3.16.29.jar:?]
	at net.minecraft.client.MinecraftClient.createUserApiService(MinecraftClient.java:724) ~[minecraft-project-@-merged-named.jar:?]
	at net.minecraft.client.MinecraftClient.<init>(MinecraftClient.java:437) ~[minecraft-project-@-merged-named.jar:?]
	at net.minecraft.client.main.Main.main(Main.java:205) ~[minecraft-project-@-merged-named.jar:?]
	at net.minecraft.client.main.Main.main(Main.java:51) ~[minecraft-project-@-merged-named.jar:?]
	at net.fabricmc.loader.impl.game.minecraft.MinecraftGameProvider.launch(MinecraftGameProvider.java:462) ~[fabric-loader-0.14.17.jar:?]
	at net.fabricmc.loader.impl.launch.knot.Knot.launch(Knot.java:74) ~[fabric-loader-0.14.17.jar:?]
	at net.fabricmc.loader.impl.launch.knot.KnotClient.main(KnotClient.java:23) ~[fabric-loader-0.14.17.jar:?]
	at net.fabricmc.devlaunchinjector.Main.main(Main.java:86) ~[dev-launch-injector-0.2.1+build.8.jar:?]
Caused by: com.mojang.authlib.exceptions.MinecraftClientHttpException: Status: 401
	at com.mojang.authlib.minecraft.client.MinecraftClient.readInputStream(MinecraftClient.java:85) ~[authlib-3.16.29.jar:?]
	at com.mojang.authlib.minecraft.client.MinecraftClient.get(MinecraftClient.java:48) ~[authlib-3.16.29.jar:?]
	at com.mojang.authlib.yggdrasil.YggdrasilUserApiService.fetchProperties(YggdrasilUserApiService.java:129) ~[authlib-3.16.29.jar:?]
	... 10 more
[17:37:45] [Render thread/INFO] (Minecraft) Setting user: Player91
[17:37:46] [Render thread/INFO] (Indigo) [Indigo] Registering Indigo renderer!
[17:37:47] [Render thread/INFO] (Minecraft) Backend library: LWJGL version 3.3.1 SNAPSHOT
[17:37:50] [Render thread/INFO] (Minecraft) Narrator library for x64 successfully loaded
[17:37:50] [Render thread/INFO] (Minecraft) Reloading ResourceManager: vanilla, Fabric Mods (Fabric BlockRenderLayer Registration (v1), Fabric Rendering Fluids (v1), Fabric Transfer API (v1), Fabric Dimensions API (v1), Fabric Screen API (v1), Fabric Sound API (v1), Fabric Events Interaction (v0), Fabric Game Test API (v1), Fabric Loader, Fabric Rendering Data Attachment (v1), Fabric API, Fabric Resource Conditions API (v1), Fabric API Base, Fabric Resource Loader (v0), Fabric Entity Events (v1), Fabric Crash Report Info (v1), Fabric Block API (v1), Fabric Recipe API (v1), Fabric Client Tags, Fabric Message API (v1), Fabric Content Registries (v0), Fabric Key Binding API (v1), Fabric Registry Sync (v0), Fabric Mining Level API (v1), Fabric Command API (v2), Fabric API Lookup API (v1), Fabric Loot API (v2), Fabric Item API (v1), SpaghettiMod, Fabric Networking API (v1), Fabric Screen Handler API (v1), Fabric Renderer - Indigo, Fabric Models (v0), Fabric Convention Tags, Fabric Item Group API (v1), Fabric Particles (v1), Fabric Transitive Access Wideners (v1), Fabric Game Rule API (v1), Fabric Biome API (v1), Fabric Rendering (v1), Fabric Lifecycle Events (v1), Fabric Data Generation API (v1), Fabric Renderer API (v1), Fabric Object Builder API (v1))
[17:37:52] [Realms Notification Availability checker #1/INFO] (Minecraft) Could not authorize you against Realms server: Invalid session id
[17:37:53] [Worker-Main-13/WARN] (Minecraft) Texture spaghettimod:block/spaghetti_ore with size 360x360 limits mip level from 4 to 3
[17:37:53] [Worker-Main-13/WARN] (Minecraft) minecraft:textures/atlas/blocks.png: dropping miplevel from 4 to 3, because of minimum power of two: 8
[17:37:55] [Render thread/WARN] (Minecraft) Missing sound for event: minecraft:item.goat_horn.play
[17:37:55] [Render thread/WARN] (Minecraft) Missing sound for event: minecraft:entity.goat.screaming.horn_break
[17:37:56] [Render thread/INFO] (Minecraft) OpenAL initialized on device OpenAL Soft on Altavoces (Realtek High Definition Audio)
[17:37:56] [Render thread/INFO] (Minecraft) Sound engine started
[17:37:56] [Render thread/INFO] (Minecraft) Created: 2048x2048x3 minecraft:textures/atlas/blocks.png-atlas
[17:37:56] [Render thread/INFO] (Minecraft) Created: 512x256x4 minecraft:textures/atlas/signs.png-atlas
[17:37:56] [Render thread/INFO] (Minecraft) Created: 1024x512x4 minecraft:textures/atlas/shield_patterns.png-atlas
[17:37:56] [Render thread/INFO] (Minecraft) Created: 1024x512x4 minecraft:textures/atlas/banner_patterns.png-atlas
[17:37:56] [Render thread/INFO] (Minecraft) Created: 256x256x4 minecraft:textures/atlas/chest.png-atlas
[17:37:56] [Render thread/INFO] (Minecraft) Created: 512x256x4 minecraft:textures/atlas/beds.png-atlas
[17:37:56] [Render thread/INFO] (Minecraft) Created: 512x256x4 minecraft:textures/atlas/shulker_boxes.png-atlas
[17:37:57] [Render thread/WARN] (Minecraft) Shader rendertype_entity_translucent_emissive could not find sampler named Sampler2 in the specified shader program.
[17:37:58] [Render thread/INFO] (Minecraft) Created: 512x256x0 minecraft:textures/atlas/particles.png-atlas
[17:37:58] [Render thread/INFO] (Minecraft) Created: 256x256x0 minecraft:textures/atlas/paintings.png-atlas
[17:37:58] [Render thread/INFO] (Minecraft) Created: 256x128x0 minecraft:textures/atlas/mob_effects.png-atlas
[17:38:50] [Worker-Bootstrap-1/INFO] (Minecraft) 4445 Datafixer optimizations took 72111 milliseconds
[17:39:01] [Render thread/INFO] (Minecraft) Loaded 7 recipes
[17:39:02] [Render thread/INFO] (Minecraft) Loaded 1179 advancements
[17:39:07] [Render thread/INFO] (Minecraft) Loaded 7 recipes
[17:39:07] [Render thread/INFO] (Minecraft) Loaded 1179 advancements
[17:39:11] [Render thread/INFO] (BiomeModificationImpl) Applied 52 biome modifications to 52 of 63 new biomes in 27.12 ms
[17:39:11] [Server thread/INFO] (Minecraft) Starting integrated minecraft server version 1.19.3
[17:39:11] [Server thread/INFO] (Minecraft) Generating keypair
[17:39:17] [Server thread/INFO] (Minecraft) Preparing start region for dimension minecraft:overworld
[17:39:18] [Render thread/INFO] (Minecraft) Preparing spawn area: 0%
[17:39:18] [Render thread/INFO] (Minecraft) Preparing spawn area: 0%
[17:39:18] [Render thread/INFO] (Minecraft) Preparing spawn area: 0%
[17:39:19] [Render thread/INFO] (Minecraft) Preparing spawn area: 0%
[17:39:19] [Render thread/INFO] (Minecraft) Preparing spawn area: 0%
[17:39:20] [Render thread/INFO] (Minecraft) Preparing spawn area: 1%
[17:39:20] [Render thread/INFO] (Minecraft) Preparing spawn area: 2%
[17:39:21] [Render thread/INFO] (Minecraft) Preparing spawn area: 2%
[17:39:21] [Render thread/INFO] (Minecraft) Preparing spawn area: 3%
[17:39:22] [Render thread/INFO] (Minecraft) Preparing spawn area: 5%
[17:39:22] [Render thread/INFO] (Minecraft) Preparing spawn area: 6%
[17:39:23] [Render thread/INFO] (Minecraft) Preparing spawn area: 9%
[17:39:23] [Render thread/INFO] (Minecraft) Preparing spawn area: 10%
[17:39:24] [Render thread/INFO] (Minecraft) Preparing spawn area: 12%
[17:39:24] [Render thread/INFO] (Minecraft) Preparing spawn area: 14%
[17:39:25] [Render thread/INFO] (Minecraft) Preparing spawn area: 16%
[17:39:25] [Render thread/INFO] (Minecraft) Preparing spawn area: 16%
[17:39:26] [Render thread/INFO] (Minecraft) Preparing spawn area: 19%
[17:39:26] [Render thread/INFO] (Minecraft) Preparing spawn area: 22%
[17:39:27] [Render thread/INFO] (Minecraft) Preparing spawn area: 23%
[17:39:27] [Render thread/INFO] (Minecraft) Preparing spawn area: 25%
[17:39:28] [Render thread/INFO] (Minecraft) Preparing spawn area: 27%
[17:39:28] [Render thread/INFO] (Minecraft) Preparing spawn area: 30%
[17:39:29] [Render thread/INFO] (Minecraft) Preparing spawn area: 31%
[17:39:29] [Render thread/INFO] (Minecraft) Preparing spawn area: 31%
[17:39:30] [Render thread/INFO] (Minecraft) Preparing spawn area: 33%
[17:39:30] [Render thread/INFO] (Minecraft) Preparing spawn area: 35%
[17:39:31] [Render thread/INFO] (Minecraft) Preparing spawn area: 37%
[17:39:31] [Render thread/INFO] (Minecraft) Preparing spawn area: 40%
[17:39:32] [Render thread/INFO] (Minecraft) Preparing spawn area: 42%
[17:39:32] [Render thread/INFO] (Minecraft) Preparing spawn area: 43%
[17:39:33] [Render thread/INFO] (Minecraft) Preparing spawn area: 46%
[17:39:33] [Render thread/INFO] (Minecraft) Preparing spawn area: 48%
[17:39:34] [Render thread/INFO] (Minecraft) Preparing spawn area: 49%
[17:39:34] [Render thread/INFO] (Minecraft) Preparing spawn area: 50%
[17:39:35] [Render thread/INFO] (Minecraft) Preparing spawn area: 53%
[17:39:35] [Render thread/INFO] (Minecraft) Preparing spawn area: 55%
[17:39:36] [Render thread/INFO] (Minecraft) Preparing spawn area: 57%
[17:39:36] [Render thread/INFO] (Minecraft) Preparing spawn area: 59%
[17:39:37] [Render thread/INFO] (Minecraft) Preparing spawn area: 62%
[17:39:37] [Render thread/INFO] (Minecraft) Preparing spawn area: 65%
[17:39:38] [Render thread/INFO] (Minecraft) Preparing spawn area: 68%
[17:39:38] [Render thread/INFO] (Minecraft) Preparing spawn area: 70%
[17:39:39] [Render thread/INFO] (Minecraft) Preparing spawn area: 72%
[17:39:39] [Render thread/INFO] (Minecraft) Preparing spawn area: 75%
[17:39:40] [Render thread/INFO] (Minecraft) Preparing spawn area: 75%
[17:39:40] [Render thread/INFO] (Minecraft) Preparing spawn area: 76%
[17:39:41] [Render thread/INFO] (Minecraft) Preparing spawn area: 79%
[17:39:41] [Render thread/INFO] (Minecraft) Preparing spawn area: 82%
[17:39:42] [Render thread/INFO] (Minecraft) Preparing spawn area: 84%
[17:39:42] [Render thread/INFO] (Minecraft) Preparing spawn area: 86%
[17:39:43] [Render thread/INFO] (Minecraft) Preparing spawn area: 87%
[17:39:43] [Render thread/INFO] (Minecraft) Preparing spawn area: 91%
[17:39:44] [Render thread/INFO] (Minecraft) Preparing spawn area: 93%
[17:39:44] [Render thread/INFO] (Minecraft) Preparing spawn area: 96%
[17:39:44] [Render thread/INFO] (Minecraft) Time elapsed: 27447 ms
[17:39:45] [Server thread/INFO] (Minecraft) Changing view distance to 12, from 10
[17:39:45] [Server thread/INFO] (Minecraft) Changing simulation distance to 12, from 0
[17:39:46] [Server thread/INFO] (Minecraft) Player91[local:E:38823ad5] logged in with entity id 334 at (-8.5, 74.0, -4.5)
[17:39:46] [Server thread/INFO] (Minecraft) Player91 joined the game
[17:39:47] [Render thread/INFO] (Minecraft) Loaded 0 advancements
[17:39:47] [Server thread/INFO] (Minecraft) Saving and pausing game...
[17:39:47] [Server thread/INFO] (Minecraft) Saving chunks for level 'ServerLevel[New World]'/minecraft:overworld
[17:39:49] [Server thread/INFO] (Minecraft) Saving chunks for level 'ServerLevel[New World]'/minecraft:the_nether
[17:39:49] [Server thread/INFO] (Minecraft) Saving chunks for level 'ServerLevel[New World]'/minecraft:the_end
[17:40:24] [Server thread/INFO] (Minecraft) Saving and pausing game...
[17:40:24] [Server thread/INFO] (Minecraft) Saving chunks for level 'ServerLevel[New World]'/minecraft:overworld
[17:40:26] [Server thread/INFO] (Minecraft) Saving chunks for level 'ServerLevel[New World]'/minecraft:the_nether
[17:40:26] [Server thread/INFO] (Minecraft) Saving chunks for level 'ServerLevel[New World]'/minecraft:the_end
[17:40:26] [Server thread/WARN] (Minecraft) Can't keep up! Is the server overloaded? Running 2044ms or 40 ticks behind
[17:41:03] [Server thread/INFO] (Minecraft) [Player91: Set own game mode to Spectator Mode]
[17:41:03] [Render thread/INFO] (Minecraft) [System] [CHAT] Set own game mode to Spectator Mode
[17:41:35] [Server thread/INFO] (Minecraft) [Player91: Applied effect Night Vision to Player91]
[17:41:35] [Render thread/INFO] (Minecraft) [System] [CHAT] Applied effect Night Vision to Player91
[17:42:07] [Server thread/INFO] (Minecraft) Saving and pausing game...
[17:42:07] [Server thread/INFO] (Minecraft) Saving chunks for level 'ServerLevel[New World]'/minecraft:overworld
[17:42:07] [Server thread/INFO] (Minecraft) Saving chunks for level 'ServerLevel[New World]'/minecraft:the_nether
[17:42:07] [Server thread/INFO] (Minecraft) Saving chunks for level 'ServerLevel[New World]'/minecraft:the_end
[17:42:09] [Server thread/INFO] (Minecraft) [Player91: Set own game mode to Creative Mode]
[17:42:09] [Render thread/INFO] (Minecraft) [System] [CHAT] Set own game mode to Creative Mode
[17:42:09] [Render thread/INFO] (Minecraft) Loaded 8 advancements
[17:42:16] [Render thread/INFO] (Minecraft) Stopping!
[17:42:16] [Server thread/INFO] (Minecraft) Player91 lost connection: Disconnected
[17:42:16] [Server thread/INFO] (Minecraft) Player91 left the game
[17:42:16] [Server thread/INFO] (Minecraft) Stopping singleplayer server as player logged out
[17:42:16] [Server thread/INFO] (Minecraft) Stopping server
[17:42:16] [Server thread/INFO] (Minecraft) Saving players
[17:42:16] [Server thread/INFO] (Minecraft) Saving worlds
[17:42:18] [Server thread/INFO] (Minecraft) Saving chunks for level 'ServerLevel[New World]'/minecraft:overworld
[17:42:23] [Server thread/INFO] (Minecraft) Saving chunks for level 'ServerLevel[New World]'/minecraft:the_nether
[17:42:23] [Server thread/INFO] (Minecraft) Saving chunks for level 'ServerLevel[New World]'/minecraft:the_end
[17:42:23] [Server thread/INFO] (Minecraft) ThreadedAnvilChunkStorage (New World): All chunks are saved
[17:42:23] [Server thread/INFO] (Minecraft) ThreadedAnvilChunkStorage (DIM-1): All chunks are saved
[17:42:23] [Server thread/INFO] (Minecraft) ThreadedAnvilChunkStorage (DIM1): All chunks are saved
[17:42:23] [Server thread/INFO] (Minecraft) ThreadedAnvilChunkStorage: All dimensions are saved
